2025-12-31 18:05:56,935 - src.logger - INFO - BinanceBot is Initialized!
2025-12-31 18:05:56,935 - src.logger - INFO - Using TestNet
2025-12-31 18:05:57,177 - src.logger - INFO - Connection to Binance Futures is Succesfull!
2025-12-31 18:05:57,177 - src.logger - INFO - Account Balance: 4980.22773309
2025-12-31 18:06:05,495 - src.logger - INFO - API Request - Order type: MARKET
2025-12-31 18:06:05,495 - src.logger - INFO - Params: {
  "symbol": "ETHUSDT",
  "side": "BUY",
  "type": "MARKET",
  "quantity": 1.0
}
2025-12-31 18:06:05,635 - src.logger - INFO - API Response: {
  "orderId": 7907576514,
  "symbol": "ETHUSDT",
  "status": "NEW",
  "clientOrderId": "x-Cb7ytekJb5b6870bd38d006b570bc6",
  "price": "0.00",
  "avgPrice": "0.00",
  "origQty": "1.000",
  "executedQty": "0.000",
  "cumQty": "0.000",
  "cumQuote": "0.00000",
  "timeInForce": "GTC",
  "type": "MARKET",
  "reduceOnly": false,
  "closePosition": false,
  "side": "BUY",
  "positionSide": "BOTH",
  "stopPrice": "0.00",
  "workingType": "CONTRACT_PRICE",
  "priceProtect": false,
  "origType": "MARKET",
  "priceMatch": "NONE",
  "selfTradePreventionMode": "EXPIRE_MAKER",
  "goodTillDate": 0,
  "updateTime": 1767184565573
}
2025-12-31 18:06:05,635 - src.logger - INFO - Market order is placed.
2025-12-31 18:06:05,635 - src.logger - INFO - Order ID: 7907576514
2025-12-31 18:06:05,636 - src.logger - INFO - Status: NEW
2025-12-31 18:06:17,250 - src.logger - INFO - API Request - Order type: MARKET
2025-12-31 18:06:17,250 - src.logger - INFO - Params: {
  "symbol": "ETHUSDT",
  "side": "SELL",
  "type": "MARKET",
  "quantity": 1.0
}
2025-12-31 18:06:17,383 - src.logger - INFO - API Response: {
  "orderId": 7907578145,
  "symbol": "ETHUSDT",
  "status": "NEW",
  "clientOrderId": "x-Cb7ytekJ7e3b998988279c96c3f921",
  "price": "0.00",
  "avgPrice": "0.00",
  "origQty": "1.000",
  "executedQty": "0.000",
  "cumQty": "0.000",
  "cumQuote": "0.00000",
  "timeInForce": "GTC",
  "type": "MARKET",
  "reduceOnly": false,
  "closePosition": false,
  "side": "SELL",
  "positionSide": "BOTH",
  "stopPrice": "0.00",
  "workingType": "CONTRACT_PRICE",
  "priceProtect": false,
  "origType": "MARKET",
  "priceMatch": "NONE",
  "selfTradePreventionMode": "EXPIRE_MAKER",
  "goodTillDate": 0,
  "updateTime": 1767184577323
}
2025-12-31 18:06:17,383 - src.logger - INFO - Market order is placed.
2025-12-31 18:06:17,383 - src.logger - INFO - Order ID: 7907578145
2025-12-31 18:06:17,384 - src.logger - INFO - Status: NEW
2025-12-31 18:06:20,426 - src.logger - INFO - Bot session ended by user
